<?xml version="1.0" encoding="UTF-8"?>
<!-- Generated by org.testng.reporters.JUnitReportReporter -->
<testsuite hostname="LAPTOP-FL671NKI" failures="0" tests="5" name="Selenium.TestNgPgm" time="0.014" errors="0" timestamp="2024-11-12T11:42:57 IST" skipped="0">
  <testcase classname="Selenium.TestNgPgm" name="test3" time="0.002"/>
  <system-out/>
  <testcase classname="Selenium.TestNgPgm" name="test2" time="0.007"/>
  <system-out/>
  <testcase classname="Selenium.TestNgPgm" name="test1" time="0.002"/>
  <system-out/>
  <testcase classname="Selenium.TestNgPgm" name="test1" time="0.002"/>
  <system-out/>
  <testcase classname="Selenium.TestNgPgm" name="test1" time="0.001"/>
  <system-out/>
</testsuite> <!-- Selenium.TestNgPgm -->
