<?xml version="1.0" encoding="UTF-8"?>
<!-- Generated by org.testng.reporters.JUnitReportReporter -->
<testsuite hostname="LAPTOP-FL671NKI" failures="0" tests="1" name="Testngpackage.WindowHandles" time="1.245" errors="0" timestamp="2024-11-15T12:23:57 IST" skipped="0">
  <testcase classname="Testngpackage.WindowHandles" name="windowHandle" time="1.245"/>
  <system-out/>
</testsuite> <!-- Testngpackage.WindowHandles -->
