<?xml version="1.0" encoding="UTF-8"?>
<!-- Generated by org.testng.reporters.JUnitReportReporter -->
<testsuite hostname="LAPTOP-FL671NKI" failures="0" tests="1" name="Testngpackage.CopypasteActionPgm" time="0.779" errors="0" timestamp="2024-11-12T19:14:39 IST" skipped="0">
  <testcase classname="Testngpackage.CopypasteActionPgm" name="copyPaste" time="0.779"/>
  <system-out/>
</testsuite> <!-- Testngpackage.CopypasteActionPgm -->
