<?xml version="1.0" encoding="UTF-8"?>
<!-- Generated by org.testng.reporters.JUnitReportReporter -->
<testsuite hostname="LAPTOP-FL671NKI" failures="0" tests="1" name="Testngpackage.GoogleTestng" time="2.909" errors="0" timestamp="2024-11-12T18:18:36 IST" skipped="0">
  <testcase classname="Testngpackage.GoogleTestng" name="googlesearch" time="2.909"/>
  <system-out/>
</testsuite> <!-- Testngpackage.GoogleTestng -->
