<?xml version="1.0" encoding="UTF-8"?>
<!-- Generated by org.testng.reporters.JUnitReportReporter -->
<testsuite hostname="LAPTOP-FL671NKI" failures="0" tests="1" name="Testngpackage.FileUpload" time="58.068" errors="0" timestamp="2024-11-16T17:30:39 IST" skipped="0">
  <testcase classname="Testngpackage.FileUpload" name="fileUp" time="58.068"/>
  <system-out/>
</testsuite> <!-- Testngpackage.FileUpload -->
