<?xml version="1.0" encoding="UTF-8"?>
<!-- Generated by org.testng.reporters.JUnitReportReporter -->
<testsuite hostname="LAPTOP-FL671NKI" failures="0" tests="4" name="Testngpackage.TestNgPgm" time="0.025" errors="0" timestamp="2024-11-12T17:20:04 IST" skipped="0">
  <testcase classname="Testngpackage.TestNgPgm" name="test3" time="0.018"/>
  <system-out/>
  <testcase classname="Testngpackage.TestNgPgm" name="test1" time="0.001"/>
  <system-out/>
  <testcase classname="Testngpackage.TestNgPgm" name="test1" time="0.004"/>
  <system-out/>
  <testcase classname="Testngpackage.TestNgPgm" name="test1" time="0.002"/>
  <system-out/>
</testsuite> <!-- Testngpackage.TestNgPgm -->
