<?xml version="1.0" encoding="UTF-8"?>
<!-- Generated by org.testng.reporters.JUnitReportReporter -->
<testsuite hostname="LAPTOP-FL671NKI" failures="0" tests="1" name="Testngpackage.softAssertionPgm" time="0.046" errors="0" timestamp="2024-11-18T17:31:22 IST" skipped="0">
  <testcase classname="Testngpackage.softAssertionPgm" name="titleVerification" time="0.046"/>
  <system-out/>
</testsuite> <!-- Testngpackage.softAssertionPgm -->
