<?xml version="1.0" encoding="UTF-8"?>
<!-- Generated by org.testng.reporters.JUnitReportReporter -->
<testsuite hostname="LAPTOP-FL671NKI" failures="0" tests="3" name="Testngpackage.CrossBrowserTesting" time="13.282" errors="0" timestamp="2024-11-13T13:02:20 IST" skipped="0">
  <testcase classname="Testngpackage.CrossBrowserTesting" name="crossBrowsert" time="3.075"/>
  <system-out/>
  <testcase classname="Testngpackage.CrossBrowserTesting" name="crossBrowsert" time="5.070"/>
  <system-out/>
  <testcase classname="Testngpackage.CrossBrowserTesting" name="crossBrowsert" time="5.137"/>
  <system-out/>
</testsuite> <!-- Testngpackage.CrossBrowserTesting -->
