<?xml version="1.0" encoding="UTF-8"?>
<!-- Generated by org.testng.reporters.JUnitReportReporter -->
<testsuite hostname="LAPTOP-FL671NKI" failures="0" tests="1" name="Testngpackage.LoginAutomationAssertion" time="5.893" errors="0" timestamp="2024-11-18T13:15:27 IST" skipped="0">
  <testcase classname="Testngpackage.LoginAutomationAssertion" name="testValidLogin" time="5.893"/>
  <system-out/>
</testsuite> <!-- Testngpackage.LoginAutomationAssertion -->
